<?xml version="1.0" encoding="UTF-8"?>
<coverage generated="1576213385042" clover="3.2.0">
  <project timestamp="1576213385043" name="All files">
    <metrics statements="116" coveredstatements="75" conditionals="52" coveredconditionals="33" methods="19" coveredmethods="15" elements="187" coveredelements="123" complexity="0" loc="116" ncloc="116" packages="1" files="2" classes="2"/>
    <file name="AbortEffectsError.ts" path="/Users/jamesku/Developer/contrib/redux-offline-apollo-link/src/AbortEffectsError.ts">
      <metrics statements="3" coveredstatements="1" conditionals="0" coveredconditionals="0" methods="1" coveredmethods="0"/>
      <line num="1" count="1" type="stmt"/>
      <line num="3" count="0" type="stmt"/>
      <line num="4" count="0" type="stmt"/>
    </file>
    <file name="index.ts" path="/Users/jamesku/Developer/contrib/redux-offline-apollo-link/src/index.ts">
      <metrics statements="113" coveredstatements="74" conditionals="52" coveredconditionals="33" methods="18" coveredmethods="15"/>
      <line num="1" count="1" type="stmt"/>
      <line num="2" count="1" type="stmt"/>
      <line num="12" count="1" type="stmt"/>
      <line num="13" count="1" type="stmt"/>
      <line num="14" count="1" type="stmt"/>
      <line num="16" count="1" type="stmt"/>
      <line num="34" count="4" type="cond" truecount="4" falsecount="0"/>
      <line num="35" count="2" type="cond" truecount="2" falsecount="0"/>
      <line num="36" count="1" type="stmt"/>
      <line num="39" count="2" type="stmt"/>
      <line num="40" count="2" type="stmt"/>
      <line num="41" count="2" type="stmt"/>
      <line num="43" count="4" type="stmt"/>
      <line num="51" count="3" type="cond" truecount="4" falsecount="0"/>
      <line num="52" count="1" type="stmt"/>
      <line num="54" count="2" type="stmt"/>
      <line num="57" count="1" type="stmt"/>
      <line num="70" count="6" type="stmt"/>
      <line num="77" count="6" type="stmt"/>
      <line num="78" count="5" type="stmt"/>
      <line num="79" count="5" type="stmt"/>
      <line num="80" count="5" type="stmt"/>
      <line num="81" count="5" type="stmt"/>
      <line num="88" count="5" type="stmt"/>
      <line num="90" count="5" type="stmt"/>
      <line num="97" count="5" type="stmt"/>
      <line num="98" count="5" type="stmt"/>
      <line num="100" count="5" type="stmt"/>
      <line num="105" count="5" type="stmt"/>
      <line num="106" count="5" type="stmt"/>
      <line num="111" count="5" type="stmt"/>
      <line num="118" count="5" type="cond" truecount="1" falsecount="1"/>
      <line num="119" count="0" type="stmt"/>
      <line num="123" count="0" type="stmt"/>
      <line num="124" count="0" type="stmt"/>
      <line num="125" count="0" type="stmt"/>
      <line num="126" count="0" type="stmt"/>
      <line num="127" count="0" type="stmt"/>
      <line num="128" count="0" type="stmt"/>
      <line num="130" count="0" type="stmt"/>
      <line num="132" count="0" type="stmt"/>
      <line num="133" count="0" type="stmt"/>
      <line num="134" count="0" type="stmt"/>
      <line num="137" count="0" type="stmt"/>
      <line num="138" count="0" type="stmt"/>
      <line num="140" count="5" type="stmt"/>
      <line num="141" count="5" type="stmt"/>
      <line num="144" count="5" type="stmt"/>
      <line num="168" count="5" type="stmt"/>
      <line num="169" count="5" type="stmt"/>
      <line num="171" count="5" type="cond" truecount="2" falsecount="0"/>
      <line num="172" count="1" type="stmt"/>
      <line num="178" count="4" type="cond" truecount="1" falsecount="1"/>
      <line num="179" count="4" type="cond" truecount="1" falsecount="1"/>
      <line num="180" count="0" type="stmt"/>
      <line num="181" count="0" type="stmt"/>
      <line num="182" count="0" type="stmt"/>
      <line num="183" count="0" type="stmt"/>
      <line num="189" count="4" type="stmt"/>
      <line num="191" count="4" type="stmt"/>
      <line num="193" count="4" type="stmt"/>
      <line num="194" count="4" type="cond" truecount="1" falsecount="1"/>
      <line num="195" count="0" type="stmt"/>
      <line num="198" count="4" type="stmt"/>
      <line num="201" count="4" type="stmt"/>
      <line num="202" count="4" type="stmt"/>
      <line num="205" count="4" type="cond" truecount="2" falsecount="0"/>
      <line num="209" count="1" type="stmt"/>
      <line num="212" count="1" type="stmt"/>
      <line num="213" count="1" type="stmt"/>
      <line num="215" count="0" type="stmt"/>
      <line num="216" count="0" type="stmt"/>
      <line num="217" count="0" type="stmt"/>
      <line num="218" count="0" type="stmt"/>
      <line num="219" count="0" type="stmt"/>
      <line num="220" count="0" type="stmt"/>
      <line num="224" count="1" type="stmt"/>
      <line num="230" count="3" type="stmt"/>
      <line num="232" count="4" type="stmt"/>
      <line num="234" count="4" type="cond" truecount="2" falsecount="0"/>
      <line num="238" count="1" type="stmt"/>
      <line num="240" count="3" type="stmt"/>
      <line num="243" count="3" type="cond" truecount="1" falsecount="1"/>
      <line num="247" count="0" type="cond" truecount="0" falsecount="2"/>
      <line num="248" count="0" type="stmt"/>
      <line num="249" count="0" type="stmt"/>
      <line num="250" count="0" type="stmt"/>
      <line num="254" count="0" type="stmt"/>
      <line num="256" count="0" type="stmt"/>
      <line num="258" count="3" type="stmt"/>
      <line num="261" count="3" type="cond" truecount="1" falsecount="1"/>
      <line num="262" count="0" type="stmt"/>
      <line num="263" count="0" type="stmt"/>
      <line num="264" count="0" type="stmt"/>
      <line num="265" count="0" type="stmt"/>
      <line num="268" count="3" type="stmt"/>
      <line num="272" count="3" type="stmt"/>
      <line num="273" count="3" type="stmt"/>
      <line num="276" count="1" type="cond" truecount="1" falsecount="1"/>
      <line num="277" count="0" type="stmt"/>
      <line num="280" count="1" type="stmt"/>
      <line num="288" count="1" type="cond" truecount="1" falsecount="1"/>
      <line num="289" count="0" type="stmt"/>
      <line num="292" count="1" type="stmt"/>
      <line num="294" count="1" type="cond" truecount="1" falsecount="1"/>
      <line num="296" count="0" type="stmt"/>
      <line num="299" count="1" type="cond" truecount="2" falsecount="3"/>
      <line num="301" count="0" type="stmt"/>
      <line num="304" count="1" type="stmt"/>
      <line num="308" count="4" type="stmt"/>
      <line num="310" count="4" type="cond" truecount="1" falsecount="1"/>
      <line num="311" count="0" type="stmt"/>
      <line num="318" count="1" type="stmt"/>
    </file>
  </project>
</coverage>
