{"/Users/jamesku/Developer/contrib/redux-offline-apollo-link/src/AbortEffectsError.ts": {"path":"/Users/jamesku/Developer/contrib/redux-offline-apollo-link/src/AbortEffectsError.ts","statementMap":{"0":{"start":{"line":3,"column":4},"end":{"line":3,"column":19}},"1":{"start":{"line":4,"column":4},"end":{"line":4,"column":36}},"2":{"start":{"line":1,"column":0},"end":{"line":1,"column":21}}},"fnMap":{"0":{"name":"(anonymous_0)","decl":{"start":{"line":2,"column":2},"end":{"line":2,"column":14}},"loc":{"start":{"line":2,"column":30},"end":{"line":5,"column":3}}}},"branchMap":{},"s":{"0":0,"1":0,"2":1},"f":{"0":0},"b":{}}
,"/Users/jamesku/Developer/contrib/redux-offline-apollo-link/src/index.ts": {"path":"/Users/jamesku/Developer/contrib/redux-offline-apollo-link/src/index.ts","statementMap":{"0":{"start":{"line":1,"column":0},"end":{"line":1,"column":53}},"1":{"start":{"line":2,"column":0},"end":{"line":2,"column":null}},"2":{"start":{"line":12,"column":0},"end":{"line":12,"column":45}},"3":{"start":{"line":13,"column":0},"end":{"line":13,"column":29}},"4":{"start":{"line":14,"column":0},"end":{"line":14,"column":31}},"5":{"start":{"line":16,"column":0},"end":{"line":16,"column":7}},"6":{"start":{"line":318,"column":33},"end":{"line":16,"column":52}},"7":{"start":{"line":34,"column":2},"end":{"line":42,"column":null}},"8":{"start":{"line":35,"column":4},"end":{"line":37,"column":null}},"9":{"start":{"line":36,"column":6},"end":{"line":36,"column":32}},"10":{"start":{"line":39,"column":4},"end":{"line":39,"column":36}},"11":{"start":{"line":40,"column":4},"end":{"line":40,"column":35}},"12":{"start":{"line":41,"column":4},"end":{"line":41,"column":23}},"13":{"start":{"line":43,"column":2},"end":{"line":43,"column":16}},"14":{"start":{"line":51,"column":2},"end":{"line":53,"column":null}},"15":{"start":{"line":52,"column":4},"end":{"line":52,"column":17}},"16":{"start":{"line":54,"column":2},"end":{"line":54,"column":16}},"17":{"start":{"line":57,"column":31},"end":{"line":316,"column":1}},"18":{"start":{"line":70,"column":21},"end":{"line":75,"column":4}},"19":{"start":{"line":77,"column":2},"end":{"line":315,"column":5}},"20":{"start":{"line":78,"column":18},"end":{"line":78,"column":34}},"21":{"start":{"line":79,"column":16},"end":{"line":79,"column":46}},"22":{"start":{"line":80,"column":20},"end":{"line":80,"column":42}},"23":{"start":{"line":81,"column":26},"end":{"line":86,"column":6}},"24":{"start":{"line":88,"column":30},"end":{"line":88,"column":50}},"25":{"start":{"line":90,"column":30},"end":{"line":94,"column":null}},"26":{"start":{"line":97,"column":29},"end":{"line":97,"column":47}},"27":{"start":{"line":98,"column":20},"end":{"line":98,"column":61}},"28":{"start":{"line":100,"column":47},"end":{"line":103,"column":null}},"29":{"start":{"line":105,"column":28},"end":{"line":105,"column":66}},"30":{"start":{"line":106,"column":30},"end":{"line":109,"column":null}},"31":{"start":{"line":111,"column":32},"end":{"line":114,"column":null}},"32":{"start":{"line":118,"column":4},"end":{"line":142,"column":null}},"33":{"start":{"line":119,"column":6},"end":{"line":119,"column":45}},"34":{"start":{"line":123,"column":19},"end":{"line":123,"column":33}},"35":{"start":{"line":124,"column":6},"end":{"line":124,"column":41}},"36":{"start":{"line":125,"column":18},"end":{"line":125,"column":20}},"37":{"start":{"line":126,"column":14},"end":{"line":126,"column":15}},"38":{"start":{"line":127,"column":6},"end":{"line":129,"column":9}},"39":{"start":{"line":128,"column":8},"end":{"line":128,"column":25}},"40":{"start":{"line":130,"column":6},"end":{"line":130,"column":46}},"41":{"start":{"line":132,"column":6},"end":{"line":132,"column":12}},"42":{"start":{"line":133,"column":6},"end":{"line":135,"column":9}},"43":{"start":{"line":134,"column":8},"end":{"line":134,"column":50}},"44":{"start":{"line":137,"column":6},"end":{"line":137,"column":26}},"45":{"start":{"line":138,"column":6},"end":{"line":138,"column":43}},"46":{"start":{"line":140,"column":6},"end":{"line":140,"column":29}},"47":{"start":{"line":141,"column":6},"end":{"line":141,"column":39}},"48":{"start":{"line":144,"column":19},"end":{"line":166,"column":6}},"49":{"start":{"line":168,"column":25},"end":{"line":168,"column":59}},"50":{"start":{"line":169,"column":27},"end":{"line":169,"column":63}},"51":{"start":{"line":171,"column":4},"end":{"line":176,"column":null}},"52":{"start":{"line":172,"column":6},"end":{"line":175,"column":8}},"53":{"start":{"line":178,"column":4},"end":{"line":186,"column":null}},"54":{"start":{"line":179,"column":6},"end":{"line":185,"column":null}},"55":{"start":{"line":180,"column":8},"end":{"line":180,"column":31}},"56":{"start":{"line":181,"column":8},"end":{"line":184,"column":11}},"57":{"start":{"line":182,"column":47},"end":{"line":182,"column":72}},"58":{"start":{"line":183,"column":10},"end":{"line":183,"column":29}},"59":{"start":{"line":189,"column":4},"end":{"line":189,"column":43}},"60":{"start":{"line":191,"column":4},"end":{"line":314,"column":7}},"61":{"start":{"line":193,"column":37},"end":{"line":193,"column":62}},"62":{"start":{"line":194,"column":6},"end":{"line":196,"column":null}},"63":{"start":{"line":195,"column":8},"end":{"line":195,"column":32}},"64":{"start":{"line":198,"column":6},"end":{"line":305,"column":11}},"65":{"start":{"line":201,"column":10},"end":{"line":201,"column":45}},"66":{"start":{"line":202,"column":10},"end":{"line":202,"column":26}},"67":{"start":{"line":205,"column":10},"end":{"line":229,"column":null}},"68":{"start":{"line":209,"column":12},"end":{"line":228,"column":17}},"69":{"start":{"line":212,"column":16},"end":{"line":221,"column":null}},"70":{"start":{"line":213,"column":18},"end":{"line":213,"column":46}},"71":{"start":{"line":215,"column":37},"end":{"line":215,"column":40}},"72":{"start":{"line":216,"column":18},"end":{"line":216,"column":55}},"73":{"start":{"line":217,"column":18},"end":{"line":217,"column":49}},"74":{"start":{"line":218,"column":18},"end":{"line":218,"column":58}},"75":{"start":{"line":219,"column":18},"end":{"line":219,"column":49}},"76":{"start":{"line":220,"column":18},"end":{"line":220,"column":52}},"77":{"start":{"line":224,"column":16},"end":{"line":227,"column":18}},"78":{"start":{"line":230,"column":10},"end":{"line":230,"column":64}},"79":{"start":{"line":232,"column":24},"end":{"line":232,"column":62}},"80":{"start":{"line":234,"column":10},"end":{"line":239,"column":null}},"81":{"start":{"line":238,"column":12},"end":{"line":238,"column":56}},"82":{"start":{"line":240,"column":10},"end":{"line":240,"column":37}},"83":{"start":{"line":243,"column":10},"end":{"line":257,"column":null}},"84":{"start":{"line":247,"column":12},"end":{"line":255,"column":null}},"85":{"start":{"line":248,"column":14},"end":{"line":248,"column":73}},"86":{"start":{"line":249,"column":14},"end":{"line":249,"column":48}},"87":{"start":{"line":250,"column":14},"end":{"line":253,"column":16}},"88":{"start":{"line":254,"column":14},"end":{"line":254,"column":33}},"89":{"start":{"line":256,"column":12},"end":{"line":256,"column":71}},"90":{"start":{"line":258,"column":10},"end":{"line":258,"column":24}},"91":{"start":{"line":261,"column":10},"end":{"line":266,"column":null}},"92":{"start":{"line":262,"column":12},"end":{"line":262,"column":68}},"93":{"start":{"line":263,"column":12},"end":{"line":263,"column":61}},"94":{"start":{"line":264,"column":12},"end":{"line":264,"column":54}},"95":{"start":{"line":265,"column":12},"end":{"line":265,"column":31}},"96":{"start":{"line":268,"column":10},"end":{"line":271,"column":13}},"97":{"start":{"line":272,"column":10},"end":{"line":272,"column":32}},"98":{"start":{"line":273,"column":10},"end":{"line":273,"column":30}},"99":{"start":{"line":276,"column":10},"end":{"line":278,"column":null}},"100":{"start":{"line":277,"column":12},"end":{"line":277,"column":39}},"101":{"start":{"line":280,"column":10},"end":{"line":286,"column":13}},"102":{"start":{"line":288,"column":10},"end":{"line":290,"column":null}},"103":{"start":{"line":289,"column":12},"end":{"line":289,"column":33}},"104":{"start":{"line":292,"column":10},"end":{"line":292,"column":66}},"105":{"start":{"line":294,"column":10},"end":{"line":297,"column":null}},"106":{"start":{"line":296,"column":12},"end":{"line":296,"column":19}},"107":{"start":{"line":299,"column":10},"end":{"line":302,"column":null}},"108":{"start":{"line":301,"column":12},"end":{"line":301,"column":40}},"109":{"start":{"line":304,"column":10},"end":{"line":304,"column":32}},"110":{"start":{"line":308,"column":6},"end":{"line":313,"column":8}},"111":{"start":{"line":310,"column":8},"end":{"line":312,"column":null}},"112":{"start":{"line":311,"column":10},"end":{"line":311,"column":29}},"113":{"start":{"line":318,"column":9},"end":{"line":318,"column":31}}},"fnMap":{"0":{"name":"debugErrors","decl":{"start":{"line":33,"column":9},"end":{"line":33,"column":20}},"loc":{"start":{"line":33,"column":72},"end":{"line":44,"column":1}}},"1":{"name":"errorsCheck","decl":{"start":{"line":50,"column":9},"end":{"line":50,"column":20}},"loc":{"start":{"line":50,"column":40},"end":{"line":55,"column":1}}},"2":{"name":"(anonymous_3)","decl":{"start":{"line":57,"column":31},"end":{"line":57,"column":null}},"loc":{"start":{"line":69,"column":4},"end":{"line":316,"column":1}}},"3":{"name":"(anonymous_4)","decl":{"start":{"line":77,"column":24},"end":{"line":77,"column":25}},"loc":{"start":{"line":77,"column":47},"end":{"line":315,"column":3}}},"4":{"name":"(anonymous_5)","decl":{"start":{"line":127,"column":20},"end":{"line":127,"column":25}},"loc":{"start":{"line":127,"column":28},"end":{"line":129,"column":7}}},"5":{"name":"(anonymous_6)","decl":{"start":{"line":133,"column":20},"end":{"line":133,"column":21}},"loc":{"start":{"line":133,"column":36},"end":{"line":135,"column":7}}},"6":{"name":"(anonymous_7)","decl":{"start":{"line":181,"column":30},"end":{"line":181,"column":38}},"loc":{"start":{"line":181,"column":41},"end":{"line":184,"column":9}}},"7":{"name":"(anonymous_8)","decl":{"start":{"line":191,"column":26},"end":{"line":191,"column":34}},"loc":{"start":{"line":191,"column":37},"end":{"line":314,"column":5}}},"8":{"name":"(anonymous_9)","decl":{"start":{"line":199,"column":14},"end":{"line":199,"column":22}},"loc":{"start":{"line":199,"column":25},"end":{"line":203,"column":9}}},"9":{"name":"(anonymous_10)","decl":{"start":{"line":204,"column":14},"end":{"line":204,"column":22}},"loc":{"start":{"line":204,"column":25},"end":{"line":231,"column":9}}},"10":{"name":"(anonymous_11)","decl":{"start":{"line":211,"column":20},"end":{"line":211,"column":28}},"loc":{"start":{"line":211,"column":31},"end":{"line":222,"column":15}}},"11":{"name":"(anonymous_12)","decl":{"start":{"line":223,"column":20},"end":{"line":223,"column":26}},"loc":{"start":{"line":223,"column":29},"end":{"line":228,"column":15}}},"12":{"name":"(anonymous_13)","decl":{"start":{"line":232,"column":14},"end":{"line":232,"column":20}},"loc":{"start":{"line":232,"column":24},"end":{"line":232,"column":62}}},"13":{"name":"(anonymous_14)","decl":{"start":{"line":233,"column":14},"end":{"line":233,"column":15}},"loc":{"start":{"line":233,"column":38},"end":{"line":241,"column":9}}},"14":{"name":"(anonymous_15)","decl":{"start":{"line":242,"column":14},"end":{"line":242,"column":20}},"loc":{"start":{"line":242,"column":23},"end":{"line":259,"column":9}}},"15":{"name":"(anonymous_16)","decl":{"start":{"line":260,"column":14},"end":{"line":260,"column":15}},"loc":{"start":{"line":260,"column":38},"end":{"line":274,"column":9}}},"16":{"name":"(anonymous_17)","decl":{"start":{"line":275,"column":15},"end":{"line":275,"column":20}},"loc":{"start":{"line":275,"column":23},"end":{"line":305,"column":9}}},"17":{"name":"(anonymous_18)","decl":{"start":{"line":308,"column":13},"end":{"line":308,"column":16}},"loc":{"start":{"line":308,"column":18},"end":{"line":313,"column":7}}}},"branchMap":{"0":{"loc":{"start":{"line":34,"column":2},"end":{"line":42,"column":null}},"type":"if","locations":[{"start":{"line":34,"column":2},"end":{"line":42,"column":null}},{"start":{"line":34,"column":2},"end":{"line":42,"column":null}}]},"1":{"loc":{"start":{"line":34,"column":6},"end":{"line":34,"column":19}},"type":"binary-expr","locations":[{"start":{"line":34,"column":6},"end":{"line":34,"column":19}},{"start":{"line":34,"column":23},"end":{"line":34,"column":47}}]},"2":{"loc":{"start":{"line":35,"column":4},"end":{"line":37,"column":null}},"type":"if","locations":[{"start":{"line":35,"column":4},"end":{"line":37,"column":null}},{"start":{"line":35,"column":4},"end":{"line":37,"column":null}}]},"3":{"loc":{"start":{"line":51,"column":2},"end":{"line":53,"column":null}},"type":"if","locations":[{"start":{"line":51,"column":2},"end":{"line":53,"column":null}},{"start":{"line":51,"column":2},"end":{"line":53,"column":null}}]},"4":{"loc":{"start":{"line":51,"column":6},"end":{"line":51,"column":19}},"type":"binary-expr","locations":[{"start":{"line":51,"column":6},"end":{"line":51,"column":19}},{"start":{"line":51,"column":23},"end":{"line":51,"column":47}}]},"5":{"loc":{"start":{"line":67,"column":15},"end":{"line":67,"column":17}},"type":"default-arg","locations":[{"start":{"line":67,"column":15},"end":{"line":67,"column":17}}]},"6":{"loc":{"start":{"line":59,"column":20},"end":{"line":59,"column":30}},"type":"default-arg","locations":[{"start":{"line":59,"column":20},"end":{"line":59,"column":30}}]},"7":{"loc":{"start":{"line":60,"column":23},"end":{"line":60,"column":28}},"type":"default-arg","locations":[{"start":{"line":60,"column":23},"end":{"line":60,"column":28}}]},"8":{"loc":{"start":{"line":118,"column":4},"end":{"line":142,"column":null}},"type":"if","locations":[{"start":{"line":118,"column":4},"end":{"line":142,"column":null}},{"start":{"line":118,"column":4},"end":{"line":142,"column":null}}]},"9":{"loc":{"start":{"line":171,"column":4},"end":{"line":176,"column":null}},"type":"if","locations":[{"start":{"line":171,"column":4},"end":{"line":176,"column":null}},{"start":{"line":171,"column":4},"end":{"line":176,"column":null}}]},"10":{"loc":{"start":{"line":178,"column":4},"end":{"line":186,"column":null}},"type":"if","locations":[{"start":{"line":178,"column":4},"end":{"line":186,"column":null}},{"start":{"line":178,"column":4},"end":{"line":186,"column":null}}]},"11":{"loc":{"start":{"line":179,"column":6},"end":{"line":185,"column":null}},"type":"if","locations":[{"start":{"line":179,"column":6},"end":{"line":185,"column":null}},{"start":{"line":179,"column":6},"end":{"line":185,"column":null}}]},"12":{"loc":{"start":{"line":194,"column":6},"end":{"line":196,"column":null}},"type":"if","locations":[{"start":{"line":194,"column":6},"end":{"line":196,"column":null}},{"start":{"line":194,"column":6},"end":{"line":196,"column":null}}]},"13":{"loc":{"start":{"line":205,"column":10},"end":{"line":229,"column":null}},"type":"if","locations":[{"start":{"line":205,"column":10},"end":{"line":229,"column":null}},{"start":{"line":205,"column":10},"end":{"line":229,"column":null}}]},"14":{"loc":{"start":{"line":206,"column":12},"end":{"line":206,"column":55}},"type":"binary-expr","locations":[{"start":{"line":206,"column":12},"end":{"line":206,"column":55}},{"start":{"line":207,"column":12},"end":{"line":207,"column":77}}]},"15":{"loc":{"start":{"line":234,"column":10},"end":{"line":239,"column":null}},"type":"if","locations":[{"start":{"line":234,"column":10},"end":{"line":239,"column":null}},{"start":{"line":234,"column":10},"end":{"line":239,"column":null}}]},"16":{"loc":{"start":{"line":235,"column":12},"end":{"line":235,"column":40}},"type":"binary-expr","locations":[{"start":{"line":235,"column":12},"end":{"line":235,"column":40}},{"start":{"line":236,"column":12},"end":{"line":236,"column":62}}]},"17":{"loc":{"start":{"line":243,"column":10},"end":{"line":257,"column":null}},"type":"if","locations":[{"start":{"line":243,"column":10},"end":{"line":257,"column":null}},{"start":{"line":243,"column":10},"end":{"line":257,"column":null}}]},"18":{"loc":{"start":{"line":244,"column":12},"end":{"line":244,"column":45}},"type":"binary-expr","locations":[{"start":{"line":244,"column":12},"end":{"line":244,"column":45}},{"start":{"line":245,"column":12},"end":{"line":245,"column":67}}]},"19":{"loc":{"start":{"line":247,"column":12},"end":{"line":255,"column":null}},"type":"if","locations":[{"start":{"line":247,"column":12},"end":{"line":255,"column":null}},{"start":{"line":247,"column":12},"end":{"line":255,"column":null}}]},"20":{"loc":{"start":{"line":261,"column":10},"end":{"line":266,"column":null}},"type":"if","locations":[{"start":{"line":261,"column":10},"end":{"line":266,"column":null}},{"start":{"line":261,"column":10},"end":{"line":266,"column":null}}]},"21":{"loc":{"start":{"line":276,"column":10},"end":{"line":278,"column":null}},"type":"if","locations":[{"start":{"line":276,"column":10},"end":{"line":278,"column":null}},{"start":{"line":276,"column":10},"end":{"line":278,"column":null}}]},"22":{"loc":{"start":{"line":288,"column":10},"end":{"line":290,"column":null}},"type":"if","locations":[{"start":{"line":288,"column":10},"end":{"line":290,"column":null}},{"start":{"line":288,"column":10},"end":{"line":290,"column":null}}]},"23":{"loc":{"start":{"line":294,"column":10},"end":{"line":297,"column":null}},"type":"if","locations":[{"start":{"line":294,"column":10},"end":{"line":297,"column":null}},{"start":{"line":294,"column":10},"end":{"line":297,"column":null}}]},"24":{"loc":{"start":{"line":299,"column":10},"end":{"line":302,"column":null}},"type":"if","locations":[{"start":{"line":299,"column":10},"end":{"line":302,"column":null}},{"start":{"line":299,"column":10},"end":{"line":302,"column":null}}]},"25":{"loc":{"start":{"line":299,"column":14},"end":{"line":299,"column":26}},"type":"binary-expr","locations":[{"start":{"line":299,"column":14},"end":{"line":299,"column":26}},{"start":{"line":299,"column":30},"end":{"line":299,"column":49}},{"start":{"line":299,"column":53},"end":{"line":299,"column":70}}]},"26":{"loc":{"start":{"line":310,"column":8},"end":{"line":312,"column":null}},"type":"if","locations":[{"start":{"line":310,"column":8},"end":{"line":312,"column":null}},{"start":{"line":310,"column":8},"end":{"line":312,"column":null}}]}},"s":{"0":1,"1":1,"2":1,"3":1,"4":1,"5":1,"6":1,"7":4,"8":2,"9":1,"10":2,"11":2,"12":2,"13":4,"14":3,"15":1,"16":2,"17":1,"18":6,"19":6,"20":5,"21":5,"22":5,"23":5,"24":5,"25":5,"26":5,"27":5,"28":5,"29":5,"30":5,"31":5,"32":5,"33":0,"34":0,"35":0,"36":0,"37":0,"38":0,"39":0,"40":0,"41":0,"42":0,"43":0,"44":0,"45":0,"46":5,"47":5,"48":5,"49":5,"50":5,"51":5,"52":1,"53":4,"54":4,"55":0,"56":0,"57":0,"58":0,"59":4,"60":4,"61":4,"62":4,"63":0,"64":4,"65":4,"66":4,"67":4,"68":1,"69":1,"70":1,"71":0,"72":0,"73":0,"74":0,"75":0,"76":0,"77":1,"78":3,"79":4,"80":4,"81":1,"82":3,"83":3,"84":0,"85":0,"86":0,"87":0,"88":0,"89":0,"90":3,"91":3,"92":0,"93":0,"94":0,"95":0,"96":3,"97":3,"98":3,"99":1,"100":0,"101":1,"102":1,"103":0,"104":1,"105":1,"106":0,"107":1,"108":0,"109":1,"110":4,"111":4,"112":0,"113":1},"f":{"0":4,"1":3,"2":6,"3":5,"4":0,"5":0,"6":0,"7":4,"8":4,"9":4,"10":1,"11":1,"12":4,"13":4,"14":3,"15":3,"16":1,"17":4},"b":{"0":[2,2],"1":[4,2],"2":[1,1],"3":[1,2],"4":[3,1],"5":[0],"6":[0],"7":[0],"8":[0,5],"9":[1,4],"10":[4,0],"11":[0,4],"12":[0,4],"13":[1,3],"14":[4,1],"15":[1,3],"16":[4,1],"17":[0,3],"18":[3,0],"19":[0,0],"20":[0,3],"21":[0,1],"22":[0,1],"23":[0,1],"24":[0,1],"25":[1,0,0],"26":[0,4]}}
}
