{"/Users/jamesku/Developer/contrib/redux-offline-apollo-link/src/index.ts": {"path":"/Users/jamesku/Developer/contrib/redux-offline-apollo-link/src/index.ts","statementMap":{"0":{"start":{"line":1,"column":0},"end":{"line":1,"column":53}},"1":{"start":{"line":2,"column":0},"end":{"line":2,"column":null}},"2":{"start":{"line":11,"column":0},"end":{"line":11,"column":45}},"3":{"start":{"line":12,"column":0},"end":{"line":12,"column":29}},"4":{"start":{"line":13,"column":0},"end":{"line":13,"column":31}},"5":{"start":{"line":31,"column":2},"end":{"line":38,"column":null}},"6":{"start":{"line":32,"column":4},"end":{"line":34,"column":null}},"7":{"start":{"line":33,"column":6},"end":{"line":33,"column":32}},"8":{"start":{"line":35,"column":4},"end":{"line":35,"column":36}},"9":{"start":{"line":36,"column":4},"end":{"line":36,"column":35}},"10":{"start":{"line":37,"column":4},"end":{"line":37,"column":23}},"11":{"start":{"line":39,"column":2},"end":{"line":39,"column":16}},"12":{"start":{"line":47,"column":2},"end":{"line":49,"column":null}},"13":{"start":{"line":48,"column":4},"end":{"line":48,"column":17}},"14":{"start":{"line":50,"column":2},"end":{"line":50,"column":16}},"15":{"start":{"line":53,"column":31},"end":{"line":309,"column":1}},"16":{"start":{"line":66,"column":21},"end":{"line":71,"column":4}},"17":{"start":{"line":73,"column":2},"end":{"line":308,"column":5}},"18":{"start":{"line":74,"column":18},"end":{"line":74,"column":34}},"19":{"start":{"line":75,"column":16},"end":{"line":75,"column":46}},"20":{"start":{"line":76,"column":20},"end":{"line":76,"column":42}},"21":{"start":{"line":77,"column":26},"end":{"line":82,"column":6}},"22":{"start":{"line":84,"column":21},"end":{"line":84,"column":41}},"23":{"start":{"line":86,"column":30},"end":{"line":90,"column":null}},"24":{"start":{"line":93,"column":29},"end":{"line":93,"column":47}},"25":{"start":{"line":94,"column":20},"end":{"line":94,"column":61}},"26":{"start":{"line":96,"column":29},"end":{"line":96,"column":68}},"27":{"start":{"line":97,"column":28},"end":{"line":97,"column":66}},"28":{"start":{"line":98,"column":30},"end":{"line":101,"column":null}},"29":{"start":{"line":103,"column":32},"end":{"line":106,"column":null}},"30":{"start":{"line":110,"column":4},"end":{"line":134,"column":null}},"31":{"start":{"line":111,"column":6},"end":{"line":111,"column":45}},"32":{"start":{"line":115,"column":19},"end":{"line":115,"column":33}},"33":{"start":{"line":116,"column":6},"end":{"line":116,"column":41}},"34":{"start":{"line":117,"column":18},"end":{"line":117,"column":20}},"35":{"start":{"line":118,"column":14},"end":{"line":118,"column":15}},"36":{"start":{"line":119,"column":6},"end":{"line":121,"column":9}},"37":{"start":{"line":120,"column":8},"end":{"line":120,"column":25}},"38":{"start":{"line":122,"column":6},"end":{"line":122,"column":46}},"39":{"start":{"line":124,"column":6},"end":{"line":124,"column":12}},"40":{"start":{"line":125,"column":6},"end":{"line":127,"column":9}},"41":{"start":{"line":126,"column":8},"end":{"line":126,"column":50}},"42":{"start":{"line":129,"column":6},"end":{"line":129,"column":26}},"43":{"start":{"line":130,"column":6},"end":{"line":130,"column":43}},"44":{"start":{"line":132,"column":6},"end":{"line":132,"column":29}},"45":{"start":{"line":133,"column":6},"end":{"line":133,"column":39}},"46":{"start":{"line":136,"column":19},"end":{"line":158,"column":6}},"47":{"start":{"line":160,"column":25},"end":{"line":160,"column":59}},"48":{"start":{"line":161,"column":27},"end":{"line":161,"column":63}},"49":{"start":{"line":163,"column":4},"end":{"line":168,"column":null}},"50":{"start":{"line":164,"column":6},"end":{"line":167,"column":8}},"51":{"start":{"line":170,"column":4},"end":{"line":178,"column":null}},"52":{"start":{"line":171,"column":6},"end":{"line":177,"column":null}},"53":{"start":{"line":172,"column":8},"end":{"line":172,"column":31}},"54":{"start":{"line":173,"column":8},"end":{"line":176,"column":11}},"55":{"start":{"line":174,"column":47},"end":{"line":174,"column":72}},"56":{"start":{"line":175,"column":10},"end":{"line":175,"column":29}},"57":{"start":{"line":181,"column":4},"end":{"line":181,"column":43}},"58":{"start":{"line":183,"column":4},"end":{"line":307,"column":7}},"59":{"start":{"line":185,"column":37},"end":{"line":185,"column":62}},"60":{"start":{"line":186,"column":6},"end":{"line":188,"column":null}},"61":{"start":{"line":187,"column":8},"end":{"line":187,"column":32}},"62":{"start":{"line":190,"column":6},"end":{"line":298,"column":11}},"63":{"start":{"line":192,"column":10},"end":{"line":195,"column":null}},"64":{"start":{"line":193,"column":12},"end":{"line":193,"column":41}},"65":{"start":{"line":194,"column":12},"end":{"line":194,"column":60}},"66":{"start":{"line":194,"column":41},"end":{"line":194,"column":58}},"67":{"start":{"line":198,"column":10},"end":{"line":198,"column":45}},"68":{"start":{"line":199,"column":10},"end":{"line":199,"column":26}},"69":{"start":{"line":202,"column":10},"end":{"line":226,"column":null}},"70":{"start":{"line":206,"column":12},"end":{"line":225,"column":17}},"71":{"start":{"line":209,"column":16},"end":{"line":218,"column":null}},"72":{"start":{"line":210,"column":18},"end":{"line":210,"column":46}},"73":{"start":{"line":212,"column":37},"end":{"line":212,"column":40}},"74":{"start":{"line":213,"column":18},"end":{"line":213,"column":55}},"75":{"start":{"line":214,"column":18},"end":{"line":214,"column":49}},"76":{"start":{"line":215,"column":18},"end":{"line":215,"column":58}},"77":{"start":{"line":216,"column":18},"end":{"line":216,"column":49}},"78":{"start":{"line":217,"column":18},"end":{"line":217,"column":52}},"79":{"start":{"line":221,"column":16},"end":{"line":224,"column":18}},"80":{"start":{"line":227,"column":10},"end":{"line":227,"column":64}},"81":{"start":{"line":229,"column":24},"end":{"line":229,"column":62}},"82":{"start":{"line":231,"column":10},"end":{"line":236,"column":null}},"83":{"start":{"line":235,"column":12},"end":{"line":235,"column":56}},"84":{"start":{"line":237,"column":10},"end":{"line":237,"column":37}},"85":{"start":{"line":240,"column":10},"end":{"line":254,"column":null}},"86":{"start":{"line":244,"column":12},"end":{"line":252,"column":null}},"87":{"start":{"line":245,"column":14},"end":{"line":245,"column":49}},"88":{"start":{"line":246,"column":14},"end":{"line":246,"column":43}},"89":{"start":{"line":247,"column":14},"end":{"line":250,"column":16}},"90":{"start":{"line":251,"column":14},"end":{"line":251,"column":33}},"91":{"start":{"line":253,"column":12},"end":{"line":253,"column":71}},"92":{"start":{"line":255,"column":10},"end":{"line":255,"column":24}},"93":{"start":{"line":258,"column":10},"end":{"line":263,"column":null}},"94":{"start":{"line":259,"column":12},"end":{"line":259,"column":44}},"95":{"start":{"line":260,"column":12},"end":{"line":260,"column":55}},"96":{"start":{"line":261,"column":12},"end":{"line":261,"column":52}},"97":{"start":{"line":262,"column":12},"end":{"line":262,"column":31}},"98":{"start":{"line":265,"column":10},"end":{"line":268,"column":13}},"99":{"start":{"line":269,"column":10},"end":{"line":269,"column":32}},"100":{"start":{"line":270,"column":10},"end":{"line":270,"column":30}},"101":{"start":{"line":273,"column":10},"end":{"line":279,"column":13}},"102":{"start":{"line":281,"column":10},"end":{"line":283,"column":null}},"103":{"start":{"line":282,"column":12},"end":{"line":282,"column":33}},"104":{"start":{"line":285,"column":10},"end":{"line":285,"column":66}},"105":{"start":{"line":287,"column":10},"end":{"line":290,"column":null}},"106":{"start":{"line":289,"column":12},"end":{"line":289,"column":19}},"107":{"start":{"line":292,"column":10},"end":{"line":295,"column":null}},"108":{"start":{"line":294,"column":12},"end":{"line":294,"column":40}},"109":{"start":{"line":297,"column":10},"end":{"line":297,"column":32}},"110":{"start":{"line":301,"column":6},"end":{"line":306,"column":8}},"111":{"start":{"line":303,"column":8},"end":{"line":305,"column":null}},"112":{"start":{"line":304,"column":10},"end":{"line":304,"column":29}},"113":{"start":{"line":311,"column":9},"end":{"line":311,"column":31}}},"fnMap":{"0":{"name":"debugErrors","decl":{"start":{"line":30,"column":9},"end":{"line":30,"column":20}},"loc":{"start":{"line":30,"column":46},"end":{"line":40,"column":1}}},"1":{"name":"errorsCheck","decl":{"start":{"line":46,"column":9},"end":{"line":46,"column":20}},"loc":{"start":{"line":46,"column":27},"end":{"line":51,"column":1}}},"2":{"name":"(anonymous_2)","decl":{"start":{"line":53,"column":31},"end":{"line":53,"column":null}},"loc":{"start":{"line":65,"column":4},"end":{"line":309,"column":1}}},"3":{"name":"(anonymous_3)","decl":{"start":{"line":73,"column":24},"end":{"line":73,"column":25}},"loc":{"start":{"line":73,"column":47},"end":{"line":308,"column":3}}},"4":{"name":"(anonymous_4)","decl":{"start":{"line":119,"column":20},"end":{"line":119,"column":25}},"loc":{"start":{"line":119,"column":28},"end":{"line":121,"column":7}}},"5":{"name":"(anonymous_5)","decl":{"start":{"line":125,"column":20},"end":{"line":125,"column":21}},"loc":{"start":{"line":125,"column":36},"end":{"line":127,"column":7}}},"6":{"name":"(anonymous_6)","decl":{"start":{"line":173,"column":30},"end":{"line":173,"column":38}},"loc":{"start":{"line":173,"column":41},"end":{"line":176,"column":9}}},"7":{"name":"(anonymous_7)","decl":{"start":{"line":183,"column":26},"end":{"line":183,"column":34}},"loc":{"start":{"line":183,"column":37},"end":{"line":307,"column":5}}},"8":{"name":"(anonymous_8)","decl":{"start":{"line":191,"column":14},"end":{"line":191,"column":22}},"loc":{"start":{"line":191,"column":25},"end":{"line":200,"column":9}}},"9":{"name":"(anonymous_9)","decl":{"start":{"line":194,"column":33},"end":{"line":194,"column":37}},"loc":{"start":{"line":194,"column":41},"end":{"line":194,"column":58}}},"10":{"name":"(anonymous_10)","decl":{"start":{"line":201,"column":14},"end":{"line":201,"column":22}},"loc":{"start":{"line":201,"column":25},"end":{"line":228,"column":9}}},"11":{"name":"(anonymous_11)","decl":{"start":{"line":208,"column":20},"end":{"line":208,"column":28}},"loc":{"start":{"line":208,"column":31},"end":{"line":219,"column":15}}},"12":{"name":"(anonymous_12)","decl":{"start":{"line":220,"column":20},"end":{"line":220,"column":26}},"loc":{"start":{"line":220,"column":29},"end":{"line":225,"column":15}}},"13":{"name":"(anonymous_13)","decl":{"start":{"line":229,"column":14},"end":{"line":229,"column":20}},"loc":{"start":{"line":229,"column":24},"end":{"line":229,"column":62}}},"14":{"name":"(anonymous_14)","decl":{"start":{"line":230,"column":14},"end":{"line":230,"column":20}},"loc":{"start":{"line":230,"column":23},"end":{"line":238,"column":9}}},"15":{"name":"(anonymous_15)","decl":{"start":{"line":239,"column":14},"end":{"line":239,"column":20}},"loc":{"start":{"line":239,"column":23},"end":{"line":256,"column":9}}},"16":{"name":"(anonymous_16)","decl":{"start":{"line":257,"column":14},"end":{"line":257,"column":20}},"loc":{"start":{"line":257,"column":23},"end":{"line":271,"column":9}}},"17":{"name":"(anonymous_17)","decl":{"start":{"line":272,"column":15},"end":{"line":272,"column":20}},"loc":{"start":{"line":272,"column":23},"end":{"line":298,"column":9}}},"18":{"name":"(anonymous_18)","decl":{"start":{"line":301,"column":13},"end":{"line":301,"column":16}},"loc":{"start":{"line":301,"column":18},"end":{"line":306,"column":7}}}},"branchMap":{"0":{"loc":{"start":{"line":31,"column":2},"end":{"line":38,"column":null}},"type":"if","locations":[{"start":{"line":31,"column":2},"end":{"line":38,"column":null}},{"start":{"line":31,"column":2},"end":{"line":38,"column":null}}]},"1":{"loc":{"start":{"line":31,"column":6},"end":{"line":31,"column":19}},"type":"binary-expr","locations":[{"start":{"line":31,"column":6},"end":{"line":31,"column":19}},{"start":{"line":31,"column":23},"end":{"line":31,"column":47}}]},"2":{"loc":{"start":{"line":32,"column":4},"end":{"line":34,"column":null}},"type":"if","locations":[{"start":{"line":32,"column":4},"end":{"line":34,"column":null}},{"start":{"line":32,"column":4},"end":{"line":34,"column":null}}]},"3":{"loc":{"start":{"line":47,"column":2},"end":{"line":49,"column":null}},"type":"if","locations":[{"start":{"line":47,"column":2},"end":{"line":49,"column":null}},{"start":{"line":47,"column":2},"end":{"line":49,"column":null}}]},"4":{"loc":{"start":{"line":47,"column":6},"end":{"line":47,"column":19}},"type":"binary-expr","locations":[{"start":{"line":47,"column":6},"end":{"line":47,"column":19}},{"start":{"line":47,"column":23},"end":{"line":47,"column":47}}]},"5":{"loc":{"start":{"line":63,"column":15},"end":{"line":63,"column":17}},"type":"default-arg","locations":[{"start":{"line":63,"column":15},"end":{"line":63,"column":17}}]},"6":{"loc":{"start":{"line":55,"column":20},"end":{"line":55,"column":30}},"type":"default-arg","locations":[{"start":{"line":55,"column":20},"end":{"line":55,"column":30}}]},"7":{"loc":{"start":{"line":56,"column":23},"end":{"line":56,"column":28}},"type":"default-arg","locations":[{"start":{"line":56,"column":23},"end":{"line":56,"column":28}}]},"8":{"loc":{"start":{"line":110,"column":4},"end":{"line":134,"column":null}},"type":"if","locations":[{"start":{"line":110,"column":4},"end":{"line":134,"column":null}},{"start":{"line":110,"column":4},"end":{"line":134,"column":null}}]},"9":{"loc":{"start":{"line":163,"column":4},"end":{"line":168,"column":null}},"type":"if","locations":[{"start":{"line":163,"column":4},"end":{"line":168,"column":null}},{"start":{"line":163,"column":4},"end":{"line":168,"column":null}}]},"10":{"loc":{"start":{"line":170,"column":4},"end":{"line":178,"column":null}},"type":"if","locations":[{"start":{"line":170,"column":4},"end":{"line":178,"column":null}},{"start":{"line":170,"column":4},"end":{"line":178,"column":null}}]},"11":{"loc":{"start":{"line":171,"column":6},"end":{"line":177,"column":null}},"type":"if","locations":[{"start":{"line":171,"column":6},"end":{"line":177,"column":null}},{"start":{"line":171,"column":6},"end":{"line":177,"column":null}}]},"12":{"loc":{"start":{"line":186,"column":6},"end":{"line":188,"column":null}},"type":"if","locations":[{"start":{"line":186,"column":6},"end":{"line":188,"column":null}},{"start":{"line":186,"column":6},"end":{"line":188,"column":null}}]},"13":{"loc":{"start":{"line":192,"column":10},"end":{"line":195,"column":null}},"type":"if","locations":[{"start":{"line":192,"column":10},"end":{"line":195,"column":null}},{"start":{"line":192,"column":10},"end":{"line":195,"column":null}}]},"14":{"loc":{"start":{"line":202,"column":10},"end":{"line":226,"column":null}},"type":"if","locations":[{"start":{"line":202,"column":10},"end":{"line":226,"column":null}},{"start":{"line":202,"column":10},"end":{"line":226,"column":null}}]},"15":{"loc":{"start":{"line":203,"column":12},"end":{"line":203,"column":55}},"type":"binary-expr","locations":[{"start":{"line":203,"column":12},"end":{"line":203,"column":55}},{"start":{"line":204,"column":12},"end":{"line":204,"column":77}}]},"16":{"loc":{"start":{"line":231,"column":10},"end":{"line":236,"column":null}},"type":"if","locations":[{"start":{"line":231,"column":10},"end":{"line":236,"column":null}},{"start":{"line":231,"column":10},"end":{"line":236,"column":null}}]},"17":{"loc":{"start":{"line":232,"column":12},"end":{"line":232,"column":40}},"type":"binary-expr","locations":[{"start":{"line":232,"column":12},"end":{"line":232,"column":40}},{"start":{"line":233,"column":12},"end":{"line":233,"column":62}}]},"18":{"loc":{"start":{"line":240,"column":10},"end":{"line":254,"column":null}},"type":"if","locations":[{"start":{"line":240,"column":10},"end":{"line":254,"column":null}},{"start":{"line":240,"column":10},"end":{"line":254,"column":null}}]},"19":{"loc":{"start":{"line":241,"column":12},"end":{"line":241,"column":45}},"type":"binary-expr","locations":[{"start":{"line":241,"column":12},"end":{"line":241,"column":45}},{"start":{"line":242,"column":12},"end":{"line":242,"column":67}}]},"20":{"loc":{"start":{"line":244,"column":12},"end":{"line":252,"column":null}},"type":"if","locations":[{"start":{"line":244,"column":12},"end":{"line":252,"column":null}},{"start":{"line":244,"column":12},"end":{"line":252,"column":null}}]},"21":{"loc":{"start":{"line":258,"column":10},"end":{"line":263,"column":null}},"type":"if","locations":[{"start":{"line":258,"column":10},"end":{"line":263,"column":null}},{"start":{"line":258,"column":10},"end":{"line":263,"column":null}}]},"22":{"loc":{"start":{"line":281,"column":10},"end":{"line":283,"column":null}},"type":"if","locations":[{"start":{"line":281,"column":10},"end":{"line":283,"column":null}},{"start":{"line":281,"column":10},"end":{"line":283,"column":null}}]},"23":{"loc":{"start":{"line":287,"column":10},"end":{"line":290,"column":null}},"type":"if","locations":[{"start":{"line":287,"column":10},"end":{"line":290,"column":null}},{"start":{"line":287,"column":10},"end":{"line":290,"column":null}}]},"24":{"loc":{"start":{"line":292,"column":10},"end":{"line":295,"column":null}},"type":"if","locations":[{"start":{"line":292,"column":10},"end":{"line":295,"column":null}},{"start":{"line":292,"column":10},"end":{"line":295,"column":null}}]},"25":{"loc":{"start":{"line":292,"column":14},"end":{"line":292,"column":26}},"type":"binary-expr","locations":[{"start":{"line":292,"column":14},"end":{"line":292,"column":26}},{"start":{"line":292,"column":30},"end":{"line":292,"column":49}},{"start":{"line":292,"column":53},"end":{"line":292,"column":70}}]},"26":{"loc":{"start":{"line":303,"column":8},"end":{"line":305,"column":null}},"type":"if","locations":[{"start":{"line":303,"column":8},"end":{"line":305,"column":null}},{"start":{"line":303,"column":8},"end":{"line":305,"column":null}}]}},"s":{"0":0,"1":0,"2":0,"3":0,"4":0,"5":0,"6":0,"7":0,"8":0,"9":0,"10":0,"11":0,"12":0,"13":0,"14":0,"15":0,"16":0,"17":0,"18":0,"19":0,"20":0,"21":0,"22":0,"23":0,"24":0,"25":0,"26":0,"27":0,"28":0,"29":0,"30":0,"31":0,"32":0,"33":0,"34":0,"35":0,"36":0,"37":0,"38":0,"39":0,"40":0,"41":0,"42":0,"43":0,"44":0,"45":0,"46":0,"47":0,"48":0,"49":0,"50":0,"51":0,"52":0,"53":0,"54":0,"55":0,"56":0,"57":0,"58":0,"59":0,"60":0,"61":0,"62":0,"63":0,"64":0,"65":0,"66":0,"67":0,"68":0,"69":0,"70":0,"71":0,"72":0,"73":0,"74":0,"75":0,"76":0,"77":0,"78":0,"79":0,"80":0,"81":0,"82":0,"83":0,"84":0,"85":0,"86":0,"87":0,"88":0,"89":0,"90":0,"91":0,"92":0,"93":0,"94":0,"95":0,"96":0,"97":0,"98":0,"99":0,"100":0,"101":0,"102":0,"103":0,"104":0,"105":0,"106":0,"107":0,"108":0,"109":0,"110":0,"111":0,"112":0,"113":0},"f":{"0":0,"1":0,"2":0,"3":0,"4":0,"5":0,"6":0,"7":0,"8":0,"9":0,"10":0,"11":0,"12":0,"13":0,"14":0,"15":0,"16":0,"17":0,"18":0},"b":{"0":[0,0],"1":[0,0],"2":[0,0],"3":[0,0],"4":[0,0],"5":[0],"6":[0],"7":[0],"8":[0,0],"9":[0,0],"10":[0,0],"11":[0,0],"12":[0,0],"13":[0,0],"14":[0,0],"15":[0,0],"16":[0,0],"17":[0,0],"18":[0,0],"19":[0,0],"20":[0,0],"21":[0,0],"22":[0,0],"23":[0,0],"24":[0,0],"25":[0,0,0],"26":[0,0]}}
}
