TN:
SF:/Users/jamesku/Developer/contrib/redux-offline-apollo-link/src/index.ts
FN:30,debugErrors
FN:46,errorsCheck
FN:53,(anonymous_2)
FN:73,(anonymous_3)
FN:119,(anonymous_4)
FN:125,(anonymous_5)
FN:173,(anonymous_6)
FN:183,(anonymous_7)
FN:191,(anonymous_8)
FN:194,(anonymous_9)
FN:201,(anonymous_10)
FN:208,(anonymous_11)
FN:220,(anonymous_12)
FN:229,(anonymous_13)
FN:230,(anonymous_14)
FN:239,(anonymous_15)
FN:257,(anonymous_16)
FN:272,(anonymous_17)
FN:301,(anonymous_18)
FNF:19
FNH:0
FNDA:0,debugErrors
FNDA:0,errorsCheck
FNDA:0,(anonymous_2)
FNDA:0,(anonymous_3)
FNDA:0,(anonymous_4)
FNDA:0,(anonymous_5)
FNDA:0,(anonymous_6)
FNDA:0,(anonymous_7)
FNDA:0,(anonymous_8)
FNDA:0,(anonymous_9)
FNDA:0,(anonymous_10)
FNDA:0,(anonymous_11)
FNDA:0,(anonymous_12)
FNDA:0,(anonymous_13)
FNDA:0,(anonymous_14)
FNDA:0,(anonymous_15)
FNDA:0,(anonymous_16)
FNDA:0,(anonymous_17)
FNDA:0,(anonymous_18)
DA:1,0
DA:2,0
DA:11,0
DA:12,0
DA:13,0
DA:31,0
DA:32,0
DA:33,0
DA:35,0
DA:36,0
DA:37,0
DA:39,0
DA:47,0
DA:48,0
DA:50,0
DA:53,0
DA:66,0
DA:73,0
DA:74,0
DA:75,0
DA:76,0
DA:77,0
DA:84,0
DA:86,0
DA:93,0
DA:94,0
DA:96,0
DA:97,0
DA:98,0
DA:103,0
DA:110,0
DA:111,0
DA:115,0
DA:116,0
DA:117,0
DA:118,0
DA:119,0
DA:120,0
DA:122,0
DA:124,0
DA:125,0
DA:126,0
DA:129,0
DA:130,0
DA:132,0
DA:133,0
DA:136,0
DA:160,0
DA:161,0
DA:163,0
DA:164,0
DA:170,0
DA:171,0
DA:172,0
DA:173,0
DA:174,0
DA:175,0
DA:181,0
DA:183,0
DA:185,0
DA:186,0
DA:187,0
DA:190,0
DA:192,0
DA:193,0
DA:194,0
DA:198,0
DA:199,0
DA:202,0
DA:206,0
DA:209,0
DA:210,0
DA:212,0
DA:213,0
DA:214,0
DA:215,0
DA:216,0
DA:217,0
DA:221,0
DA:227,0
DA:229,0
DA:231,0
DA:235,0
DA:237,0
DA:240,0
DA:244,0
DA:245,0
DA:246,0
DA:247,0
DA:251,0
DA:253,0
DA:255,0
DA:258,0
DA:259,0
DA:260,0
DA:261,0
DA:262,0
DA:265,0
DA:269,0
DA:270,0
DA:273,0
DA:281,0
DA:282,0
DA:285,0
DA:287,0
DA:289,0
DA:292,0
DA:294,0
DA:297,0
DA:301,0
DA:303,0
DA:304,0
DA:311,0
LF:113
LH:0
BRDA:31,0,0,0
BRDA:31,0,1,0
BRDA:31,1,0,0
BRDA:31,1,1,0
BRDA:32,2,0,0
BRDA:32,2,1,0
BRDA:47,3,0,0
BRDA:47,3,1,0
BRDA:47,4,0,0
BRDA:47,4,1,0
BRDA:63,5,0,0
BRDA:55,6,0,0
BRDA:56,7,0,0
BRDA:110,8,0,0
BRDA:110,8,1,0
BRDA:163,9,0,0
BRDA:163,9,1,0
BRDA:170,10,0,0
BRDA:170,10,1,0
BRDA:171,11,0,0
BRDA:171,11,1,0
BRDA:186,12,0,0
BRDA:186,12,1,0
BRDA:192,13,0,0
BRDA:192,13,1,0
BRDA:202,14,0,0
BRDA:202,14,1,0
BRDA:203,15,0,0
BRDA:203,15,1,0
BRDA:231,16,0,0
BRDA:231,16,1,0
BRDA:232,17,0,0
BRDA:232,17,1,0
BRDA:240,18,0,0
BRDA:240,18,1,0
BRDA:241,19,0,0
BRDA:241,19,1,0
BRDA:244,20,0,0
BRDA:244,20,1,0
BRDA:258,21,0,0
BRDA:258,21,1,0
BRDA:281,22,0,0
BRDA:281,22,1,0
BRDA:287,23,0,0
BRDA:287,23,1,0
BRDA:292,24,0,0
BRDA:292,24,1,0
BRDA:292,25,0,0
BRDA:292,25,1,0
BRDA:292,25,2,0
BRDA:303,26,0,0
BRDA:303,26,1,0
BRF:52
BRH:0
end_of_record
