TN:
SF:/Users/jamesku/Developer/contrib/redux-offline-apollo-link/src/AbortEffectsError.ts
FN:2,(anonymous_0)
FNF:1
FNH:0
FNDA:0,(anonymous_0)
DA:1,1
DA:3,0
DA:4,0
LF:3
LH:1
BRF:0
BRH:0
end_of_record
TN:
SF:/Users/jamesku/Developer/contrib/redux-offline-apollo-link/src/index.ts
FN:33,debugErrors
FN:50,errorsCheck
FN:57,(anonymous_3)
FN:77,(anonymous_4)
FN:127,(anonymous_5)
FN:133,(anonymous_6)
FN:181,(anonymous_7)
FN:191,(anonymous_8)
FN:199,(anonymous_9)
FN:204,(anonymous_10)
FN:211,(anonymous_11)
FN:223,(anonymous_12)
FN:232,(anonymous_13)
FN:233,(anonymous_14)
FN:242,(anonymous_15)
FN:260,(anonymous_16)
FN:275,(anonymous_17)
FN:308,(anonymous_18)
FNF:18
FNH:15
FNDA:4,debugErrors
FNDA:3,errorsCheck
FNDA:6,(anonymous_3)
FNDA:5,(anonymous_4)
FNDA:0,(anonymous_5)
FNDA:0,(anonymous_6)
FNDA:0,(anonymous_7)
FNDA:4,(anonymous_8)
FNDA:4,(anonymous_9)
FNDA:4,(anonymous_10)
FNDA:1,(anonymous_11)
FNDA:1,(anonymous_12)
FNDA:4,(anonymous_13)
FNDA:4,(anonymous_14)
FNDA:3,(anonymous_15)
FNDA:3,(anonymous_16)
FNDA:1,(anonymous_17)
FNDA:4,(anonymous_18)
DA:1,1
DA:2,1
DA:12,1
DA:13,1
DA:14,1
DA:16,1
DA:34,4
DA:35,2
DA:36,1
DA:39,2
DA:40,2
DA:41,2
DA:43,4
DA:51,3
DA:52,1
DA:54,2
DA:57,1
DA:70,6
DA:77,6
DA:78,5
DA:79,5
DA:80,5
DA:81,5
DA:88,5
DA:90,5
DA:97,5
DA:98,5
DA:100,5
DA:105,5
DA:106,5
DA:111,5
DA:118,5
DA:119,0
DA:123,0
DA:124,0
DA:125,0
DA:126,0
DA:127,0
DA:128,0
DA:130,0
DA:132,0
DA:133,0
DA:134,0
DA:137,0
DA:138,0
DA:140,5
DA:141,5
DA:144,5
DA:168,5
DA:169,5
DA:171,5
DA:172,1
DA:178,4
DA:179,4
DA:180,0
DA:181,0
DA:182,0
DA:183,0
DA:189,4
DA:191,4
DA:193,4
DA:194,4
DA:195,0
DA:198,4
DA:201,4
DA:202,4
DA:205,4
DA:209,1
DA:212,1
DA:213,1
DA:215,0
DA:216,0
DA:217,0
DA:218,0
DA:219,0
DA:220,0
DA:224,1
DA:230,3
DA:232,4
DA:234,4
DA:238,1
DA:240,3
DA:243,3
DA:247,0
DA:248,0
DA:249,0
DA:250,0
DA:254,0
DA:256,0
DA:258,3
DA:261,3
DA:262,0
DA:263,0
DA:264,0
DA:265,0
DA:268,3
DA:272,3
DA:273,3
DA:276,1
DA:277,0
DA:280,1
DA:288,1
DA:289,0
DA:292,1
DA:294,1
DA:296,0
DA:299,1
DA:301,0
DA:304,1
DA:308,4
DA:310,4
DA:311,0
DA:318,1
LF:113
LH:74
BRDA:34,0,0,2
BRDA:34,0,1,2
BRDA:34,1,0,4
BRDA:34,1,1,2
BRDA:35,2,0,1
BRDA:35,2,1,1
BRDA:51,3,0,1
BRDA:51,3,1,2
BRDA:51,4,0,3
BRDA:51,4,1,1
BRDA:67,5,0,0
BRDA:59,6,0,0
BRDA:60,7,0,0
BRDA:118,8,0,0
BRDA:118,8,1,5
BRDA:171,9,0,1
BRDA:171,9,1,4
BRDA:178,10,0,4
BRDA:178,10,1,0
BRDA:179,11,0,0
BRDA:179,11,1,4
BRDA:194,12,0,0
BRDA:194,12,1,4
BRDA:205,13,0,1
BRDA:205,13,1,3
BRDA:206,14,0,4
BRDA:206,14,1,1
BRDA:234,15,0,1
BRDA:234,15,1,3
BRDA:235,16,0,4
BRDA:235,16,1,1
BRDA:243,17,0,0
BRDA:243,17,1,3
BRDA:244,18,0,3
BRDA:244,18,1,0
BRDA:247,19,0,0
BRDA:247,19,1,0
BRDA:261,20,0,0
BRDA:261,20,1,3
BRDA:276,21,0,0
BRDA:276,21,1,1
BRDA:288,22,0,0
BRDA:288,22,1,1
BRDA:294,23,0,0
BRDA:294,23,1,1
BRDA:299,24,0,0
BRDA:299,24,1,1
BRDA:299,25,0,1
BRDA:299,25,1,0
BRDA:299,25,2,0
BRDA:310,26,0,0
BRDA:310,26,1,4
BRF:52
BRH:33
end_of_record
